[debug] [2025-09-15T13:25:19.793Z] ----------------------------------------------------------------------
[debug] [2025-09-15T13:25:19.802Z] Command:       C:\Program Files\nodejs\node.exe C:\Users\Think_Trend01\AppData\Roaming\npm\node_modules\firebase-tools\lib\bin\firebase.js init
[debug] [2025-09-15T13:25:19.803Z] CLI Version:   14.16.0
[debug] [2025-09-15T13:25:19.803Z] Platform:      win32
[debug] [2025-09-15T13:25:19.803Z] Node Version:  v22.18.0
[debug] [2025-09-15T13:25:19.804Z] Time:          Mon Sep 15 2025 14:25:19 GMT+0100 (heure normale d’Europe centrale)
[debug] [2025-09-15T13:25:19.804Z] ----------------------------------------------------------------------
[debug] 
[debug] [2025-09-15T13:25:19.817Z] > command requires scopes: ["email","openid","https://www.googleapis.com/auth/cloudplatformprojects.readonly","https://www.googleapis.com/auth/firebase","https://www.googleapis.com/auth/cloud-platform"]
[debug] [2025-09-15T13:25:19.818Z] > authorizing via signed-in user (chakrounnassim001@gmail.com)
[info] 
     ######## #### ########  ######## ########     ###     ######  ########
     ##        ##  ##     ## ##       ##     ##  ##   ##  ##       ##
     ######    ##  ########  ######   ########  #########  ######  ######
     ##        ##  ##    ##  ##       ##     ## ##     ##       ## ##
     ##       #### ##     ## ######## ########  ##     ##  ######  ########

You're about to initialize a Firebase project in this directory:

  C:\Users\Think_Trend01\Desktop\work\digitrack

[debug] [2025-09-15T13:28:08.888Z] ExitPromptError: User force closed the prompt with SIGINT
    at Interface.sigint (C:\Users\Think_Trend01\AppData\Roaming\npm\node_modules\firebase-tools\node_modules\@inquirer\core\dist\commonjs\lib\create-prompt.js:101:37)
    at Interface.emit (node:events:518:28)
    at Interface.emit (node:domain:489:12)
    at [_ttyWrite] [as _ttyWrite] (node:internal/readline/interface:1132:18)
    at ReadStream.onkeypress (node:internal/readline/interface:271:20)
    at ReadStream.emit (node:events:530:35)
    at ReadStream.emit (node:domain:489:12)
    at emitKeys (node:internal/readline/utils:370:14)
    at emitKeys.next (<anonymous>)
    at ReadStream.onData (node:internal/readline/emitKeypressEvents:64:36)
[error] 
[error] Error: An unexpected error has occurred.
